2023-02-06 07:11:44,437 INFO o.h.v.i.u.Version [background-preinit] HV000001: Hibernate Validator 8.0.0.Final
2023-02-06 07:11:44,582 INFO o.s.b.StartupInfoLogger [restartedMain] Starting TestBackendApplication using Java 17.0.5 with PID 316160 (/home/issac/work/ws-react-app/test-backend/target/classes started by issac in /home/issac/work/ws-react-app/test-backend)
2023-02-06 07:11:44,583 DEBUG o.s.b.StartupInfoLogger [restartedMain] Running with Spring Boot v3.0.2, Spring v6.0.4
2023-02-06 07:11:44,585 INFO o.s.b.SpringApplication [restartedMain] No active profile set, falling back to 1 default profile: "default"
2023-02-06 07:11:44,707 INFO o.s.b.l.DeferredLog [restartedMain] Devtools property defaults active! Set 'spring.devtools.add-properties' to 'false' to disable
2023-02-06 07:11:44,708 INFO o.s.b.l.DeferredLog [restartedMain] For additional web related logging consider setting the 'logging.level.web' property to 'DEBUG'
2023-02-06 07:11:48,105 INFO o.s.d.r.c.RepositoryConfigurationDelegate [restartedMain] Bootstrapping Spring Data JPA repositories in DEFAULT mode.
2023-02-06 07:11:48,175 INFO o.s.d.r.c.RepositoryConfigurationDelegate [restartedMain] Finished Spring Data repository scanning in 55 ms. Found 2 JPA repository interfaces.
2023-02-06 07:11:49,164 INFO o.s.b.w.e.t.TomcatWebServer [restartedMain] Tomcat initialized with port(s): 9999 (http)
2023-02-06 07:11:49,221 INFO o.a.j.l.DirectJDKLog [restartedMain] Initializing ProtocolHandler ["http-nio-9999"]
2023-02-06 07:11:49,222 INFO o.a.j.l.DirectJDKLog [restartedMain] Starting service [Tomcat]
2023-02-06 07:11:49,223 INFO o.a.j.l.DirectJDKLog [restartedMain] Starting Servlet engine: [Apache Tomcat/10.1.5]
2023-02-06 07:11:49,293 INFO o.a.j.l.DirectJDKLog [restartedMain] Initializing Spring embedded WebApplicationContext
2023-02-06 07:11:49,310 INFO o.s.b.w.s.c.ServletWebServerApplicationContext [restartedMain] Root WebApplicationContext: initialization completed in 4584 ms
2023-02-06 07:11:49,764 INFO o.h.j.i.u.LogHelper [restartedMain] HHH000204: Processing PersistenceUnitInfo [name: default]
2023-02-06 07:11:49,864 INFO o.h.Version [restartedMain] HHH000412: Hibernate ORM core version 6.1.6.Final
2023-02-06 07:11:50,109 WARN o.h.b.i.MetadataBuilderImpl$MetadataBuildingOptionsImpl [restartedMain] HHH90000021: Encountered deprecated setting [javax.persistence.sharedCache.mode], use [jakarta.persistence.sharedCache.mode] instead
2023-02-06 07:11:50,307 INFO c.z.h.HikariDataSource [restartedMain] HikariPool-1 - Starting...
2023-02-06 07:11:51,124 INFO c.z.h.p.HikariPool [restartedMain] HikariPool-1 - Added connection org.postgresql.jdbc.PgConnection@753b6545
2023-02-06 07:11:51,127 INFO c.z.h.HikariDataSource [restartedMain] HikariPool-1 - Start completed.
2023-02-06 07:11:51,198 INFO o.h.e.j.d.i.DialectFactoryImpl [restartedMain] HHH000400: Using dialect: org.hibernate.dialect.PostgreSQL91Dialect
2023-02-06 07:11:51,198 WARN o.h.e.j.d.i.DialectFactoryImpl [restartedMain] HHH90000026: PostgreSQL91Dialect has been deprecated; use org.hibernate.dialect.PostgreSQLDialect instead
2023-02-06 07:11:52,179 WARN o.h.t.s.s.SchemaManagementToolCoordinator$ActionGrouping [restartedMain] HHH90000021: Encountered deprecated setting [javax.persistence.schema-generation.scripts.action], use [jakarta.persistence.schema-generation.scripts.action] instead
2023-02-06 07:11:52,207 INFO o.h.e.t.j.p.i.JtaPlatformInitiator [restartedMain] HHH000490: Using JtaPlatform implementation: [org.hibernate.engine.transaction.jta.platform.internal.NoJtaPlatform]
2023-02-06 07:11:52,219 INFO o.s.o.j.AbstractEntityManagerFactoryBean [restartedMain] Initialized JPA EntityManagerFactory for persistence unit 'default'
2023-02-06 07:11:52,735 WARN o.s.b.a.o.j.JpaBaseConfiguration$JpaWebConfiguration [restartedMain] spring.jpa.open-in-view is enabled by default. Therefore, database queries may be performed during view rendering. Explicitly configure spring.jpa.open-in-view to disable this warning
2023-02-06 07:11:53,351 INFO o.s.b.d.a.OptionalLiveReloadServer [restartedMain] LiveReload server is running on port 35729
2023-02-06 07:11:53,362 INFO o.s.b.a.e.w.EndpointLinksResolver [restartedMain] Exposing 1 endpoint(s) beneath base path '/actuator'
2023-02-06 07:11:53,437 INFO o.a.j.l.DirectJDKLog [restartedMain] Starting ProtocolHandler ["http-nio-9999"]
2023-02-06 07:11:53,462 INFO o.s.b.w.e.t.TomcatWebServer [restartedMain] Tomcat started on port(s): 9999 (http) with context path ''
2023-02-06 07:11:53,487 INFO o.s.b.StartupInfoLogger [restartedMain] Started TestBackendApplication in 9.832 seconds (process running for 10.54)
2023-02-06 07:12:21,336 INFO o.a.j.l.DirectJDKLog [http-nio-9999-exec-1] Initializing Spring DispatcherServlet 'dispatcherServlet'
2023-02-06 07:12:21,337 INFO o.s.w.s.FrameworkServlet [http-nio-9999-exec-1] Initializing Servlet 'dispatcherServlet'
2023-02-06 07:12:21,340 INFO o.s.w.s.FrameworkServlet [http-nio-9999-exec-1] Completed initialization in 3 ms
2023-02-06 07:12:21,355 DEBUG c.i.r.c.TxnFilter [http-nio-9999-exec-1] Starting a TXN : /api/v1/job/createjob
2023-02-06 07:12:21,356 INFO c.i.r.c.AuthFilter [http-nio-9999-exec-1] AuthFilter start:/api/v1/job/createjob
2023-02-06 07:12:21,357 INFO c.i.r.c.AuthFilter [http-nio-9999-exec-1] token 1234
2023-02-06 07:12:21,511 INFO c.i.r.c.JobController [http-nio-9999-exec-1] createjob start:
2023-02-06 07:12:21,719 INFO c.i.r.c.AuthFilter [http-nio-9999-exec-1] AuthFilter processed:/api/v1/job/createjob
2023-02-06 21:12:27,234 INFO o.h.v.i.u.Version [background-preinit] HV000001: Hibernate Validator 8.0.0.Final
2023-02-06 21:12:27,454 INFO o.s.b.StartupInfoLogger [restartedMain] Starting TestBackendApplication using Java 17.0.5 with PID 345524 (/home/issac/work/ws-react-app/test-backend/target/classes started by issac in /home/issac/work/ws-react-app/test-backend)
2023-02-06 21:12:27,462 DEBUG o.s.b.StartupInfoLogger [restartedMain] Running with Spring Boot v3.0.2, Spring v6.0.4
2023-02-06 21:12:27,464 INFO o.s.b.SpringApplication [restartedMain] No active profile set, falling back to 1 default profile: "default"
2023-02-06 21:12:27,714 INFO o.s.b.l.DeferredLog [restartedMain] Devtools property defaults active! Set 'spring.devtools.add-properties' to 'false' to disable
2023-02-06 21:12:27,715 INFO o.s.b.l.DeferredLog [restartedMain] For additional web related logging consider setting the 'logging.level.web' property to 'DEBUG'
2023-02-06 21:12:30,423 INFO o.s.d.r.c.RepositoryConfigurationDelegate [restartedMain] Bootstrapping Spring Data JPA repositories in DEFAULT mode.
2023-02-06 21:12:30,912 INFO o.s.d.r.c.RepositoryConfigurationDelegate [restartedMain] Finished Spring Data repository scanning in 283 ms. Found 2 JPA repository interfaces.
2023-02-06 21:12:31,961 INFO o.s.b.w.e.t.TomcatWebServer [restartedMain] Tomcat initialized with port(s): 9999 (http)
2023-02-06 21:12:32,003 INFO o.a.j.l.DirectJDKLog [restartedMain] Initializing ProtocolHandler ["http-nio-9999"]
2023-02-06 21:12:32,005 INFO o.a.j.l.DirectJDKLog [restartedMain] Starting service [Tomcat]
2023-02-06 21:12:32,005 INFO o.a.j.l.DirectJDKLog [restartedMain] Starting Servlet engine: [Apache Tomcat/10.1.5]
2023-02-06 21:12:32,088 INFO o.a.j.l.DirectJDKLog [restartedMain] Initializing Spring embedded WebApplicationContext
2023-02-06 21:12:32,092 INFO o.s.b.w.s.c.ServletWebServerApplicationContext [restartedMain] Root WebApplicationContext: initialization completed in 4373 ms
2023-02-06 21:12:32,573 INFO o.h.j.i.u.LogHelper [restartedMain] HHH000204: Processing PersistenceUnitInfo [name: default]
2023-02-06 21:12:32,671 INFO o.h.Version [restartedMain] HHH000412: Hibernate ORM core version 6.1.6.Final
2023-02-06 21:12:32,947 WARN o.h.b.i.MetadataBuilderImpl$MetadataBuildingOptionsImpl [restartedMain] HHH90000021: Encountered deprecated setting [javax.persistence.sharedCache.mode], use [jakarta.persistence.sharedCache.mode] instead
2023-02-06 21:12:33,133 INFO c.z.h.HikariDataSource [restartedMain] HikariPool-1 - Starting...
2023-02-06 21:12:34,067 INFO c.z.h.p.HikariPool [restartedMain] HikariPool-1 - Added connection org.postgresql.jdbc.PgConnection@394724fb
2023-02-06 21:12:34,070 INFO c.z.h.HikariDataSource [restartedMain] HikariPool-1 - Start completed.
2023-02-06 21:12:34,133 INFO o.h.e.j.d.i.DialectFactoryImpl [restartedMain] HHH000400: Using dialect: org.hibernate.dialect.PostgreSQL91Dialect
2023-02-06 21:12:34,134 WARN o.h.e.j.d.i.DialectFactoryImpl [restartedMain] HHH90000026: PostgreSQL91Dialect has been deprecated; use org.hibernate.dialect.PostgreSQLDialect instead
2023-02-06 21:12:35,122 WARN o.h.t.s.s.SchemaManagementToolCoordinator$ActionGrouping [restartedMain] HHH90000021: Encountered deprecated setting [javax.persistence.schema-generation.scripts.action], use [jakarta.persistence.schema-generation.scripts.action] instead
2023-02-06 21:12:35,151 INFO o.h.e.t.j.p.i.JtaPlatformInitiator [restartedMain] HHH000490: Using JtaPlatform implementation: [org.hibernate.engine.transaction.jta.platform.internal.NoJtaPlatform]
2023-02-06 21:12:35,162 INFO o.s.o.j.AbstractEntityManagerFactoryBean [restartedMain] Initialized JPA EntityManagerFactory for persistence unit 'default'
2023-02-06 21:12:35,634 WARN o.s.b.a.o.j.JpaBaseConfiguration$JpaWebConfiguration [restartedMain] spring.jpa.open-in-view is enabled by default. Therefore, database queries may be performed during view rendering. Explicitly configure spring.jpa.open-in-view to disable this warning
2023-02-06 21:12:36,303 INFO o.s.b.d.a.OptionalLiveReloadServer [restartedMain] LiveReload server is running on port 35729
2023-02-06 21:12:36,314 INFO o.s.b.a.e.w.EndpointLinksResolver [restartedMain] Exposing 1 endpoint(s) beneath base path '/actuator'
2023-02-06 21:12:36,390 INFO o.a.j.l.DirectJDKLog [restartedMain] Starting ProtocolHandler ["http-nio-9999"]
2023-02-06 21:12:36,427 INFO o.s.b.w.e.t.TomcatWebServer [restartedMain] Tomcat started on port(s): 9999 (http) with context path ''
2023-02-06 21:12:36,451 INFO o.s.b.StartupInfoLogger [restartedMain] Started TestBackendApplication in 10.203 seconds (process running for 12.922)
2023-02-06 21:14:01,347 INFO o.a.j.l.DirectJDKLog [http-nio-9999-exec-1] Initializing Spring DispatcherServlet 'dispatcherServlet'
2023-02-06 21:14:01,367 INFO o.s.w.s.FrameworkServlet [http-nio-9999-exec-1] Initializing Servlet 'dispatcherServlet'
2023-02-06 21:14:01,371 INFO o.s.w.s.FrameworkServlet [http-nio-9999-exec-1] Completed initialization in 3 ms
2023-02-06 21:14:01,761 DEBUG c.i.r.c.TxnFilter [http-nio-9999-exec-1] Starting a TXN : /main.75c7ac651ba301ca36f3.hot-update.json
2023-02-06 21:15:26,263 DEBUG c.i.r.c.TxnFilter [http-nio-9999-exec-2] Starting a TXN : /auth/login
2023-02-06 21:15:27,560 ERROR c.i.r.e.ValidationEx [http-nio-9999-exec-2] runtime exception details 
io.jsonwebtoken.lang.UnknownClassException: Unable to find an implementation for interface io.jsonwebtoken.io.Serializer using java.util.ServiceLoader. Ensure you include a backing implementation .jar in the classpath, for example jjwt-impl.jar, or your own .jar for custom implementations.
	at io.jsonwebtoken.impl.lang.LegacyServices.loadFirst(LegacyServices.java:26)
	at io.jsonwebtoken.impl.DefaultJwtBuilder.compact(DefaultJwtBuilder.java:291)
	at com.issac.react.util.JwtUtil.createJWT(JwtUtil.java:40)
	at com.issac.react.controller.AuthController.login(AuthController.java:47)
	at java.base/jdk.internal.reflect.NativeMethodAccessorImpl.invoke0(Native Method)
	at java.base/jdk.internal.reflect.NativeMethodAccessorImpl.invoke(NativeMethodAccessorImpl.java:77)
	at java.base/jdk.internal.reflect.DelegatingMethodAccessorImpl.invoke(DelegatingMethodAccessorImpl.java:43)
	at java.base/java.lang.reflect.Method.invoke(Method.java:568)
	at org.springframework.web.method.support.InvocableHandlerMethod.doInvoke(InvocableHandlerMethod.java:207)
	at org.springframework.web.method.support.InvocableHandlerMethod.invokeForRequest(InvocableHandlerMethod.java:152)
	at org.springframework.web.servlet.mvc.method.annotation.ServletInvocableHandlerMethod.invokeAndHandle(ServletInvocableHandlerMethod.java:117)
	at org.springframework.web.servlet.mvc.method.annotation.RequestMappingHandlerAdapter.invokeHandlerMethod(RequestMappingHandlerAdapter.java:884)
	at org.springframework.web.servlet.mvc.method.annotation.RequestMappingHandlerAdapter.handleInternal(RequestMappingHandlerAdapter.java:797)
	at org.springframework.web.servlet.mvc.method.AbstractHandlerMethodAdapter.handle(AbstractHandlerMethodAdapter.java:87)
	at org.springframework.web.servlet.DispatcherServlet.doDispatch(DispatcherServlet.java:1080)
	at org.springframework.web.servlet.DispatcherServlet.doService(DispatcherServlet.java:973)
	at org.springframework.web.servlet.FrameworkServlet.processRequest(FrameworkServlet.java:1011)
	at org.springframework.web.servlet.FrameworkServlet.doPost(FrameworkServlet.java:914)
	at jakarta.servlet.http.HttpServlet.service(HttpServlet.java:731)
	at org.springframework.web.servlet.FrameworkServlet.service(FrameworkServlet.java:885)
	at jakarta.servlet.http.HttpServlet.service(HttpServlet.java:814)
	at org.apache.catalina.core.ApplicationFilterChain.internalDoFilter(ApplicationFilterChain.java:223)
	at org.apache.catalina.core.ApplicationFilterChain.doFilter(ApplicationFilterChain.java:158)
	at org.apache.tomcat.websocket.server.WsFilter.doFilter(WsFilter.java:53)
	at org.apache.catalina.core.ApplicationFilterChain.internalDoFilter(ApplicationFilterChain.java:185)
	at org.apache.catalina.core.ApplicationFilterChain.doFilter(ApplicationFilterChain.java:158)
	at com.issac.react.config.TxnFilter.doFilter(TxnFilter.java:45)
	at org.apache.catalina.core.ApplicationFilterChain.internalDoFilter(ApplicationFilterChain.java:185)
	at org.apache.catalina.core.ApplicationFilterChain.doFilter(ApplicationFilterChain.java:158)
	at org.springframework.web.filter.RequestContextFilter.doFilterInternal(RequestContextFilter.java:100)
	at org.springframework.web.filter.OncePerRequestFilter.doFilter(OncePerRequestFilter.java:116)
	at org.apache.catalina.core.ApplicationFilterChain.internalDoFilter(ApplicationFilterChain.java:185)
	at org.apache.catalina.core.ApplicationFilterChain.doFilter(ApplicationFilterChain.java:158)
	at org.springframework.web.filter.FormContentFilter.doFilterInternal(FormContentFilter.java:93)
	at org.springframework.web.filter.OncePerRequestFilter.doFilter(OncePerRequestFilter.java:116)
	at org.apache.catalina.core.ApplicationFilterChain.internalDoFilter(ApplicationFilterChain.java:185)
	at org.apache.catalina.core.ApplicationFilterChain.doFilter(ApplicationFilterChain.java:158)
	at org.springframework.web.filter.ServerHttpObservationFilter.doFilterInternal(ServerHttpObservationFilter.java:109)
	at org.springframework.web.filter.OncePerRequestFilter.doFilter(OncePerRequestFilter.java:116)
	at org.apache.catalina.core.ApplicationFilterChain.internalDoFilter(ApplicationFilterChain.java:185)
	at org.apache.catalina.core.ApplicationFilterChain.doFilter(ApplicationFilterChain.java:158)
	at org.springframework.web.filter.CharacterEncodingFilter.doFilterInternal(CharacterEncodingFilter.java:201)
	at org.springframework.web.filter.OncePerRequestFilter.doFilter(OncePerRequestFilter.java:116)
	at org.apache.catalina.core.ApplicationFilterChain.internalDoFilter(ApplicationFilterChain.java:185)
	at org.apache.catalina.core.ApplicationFilterChain.doFilter(ApplicationFilterChain.java:158)
	at org.apache.catalina.core.StandardWrapperValve.invoke(StandardWrapperValve.java:177)
	at org.apache.catalina.core.StandardContextValve.invoke(StandardContextValve.java:97)
	at org.apache.catalina.authenticator.AuthenticatorBase.invoke(AuthenticatorBase.java:542)
	at org.apache.catalina.core.StandardHostValve.invoke(StandardHostValve.java:119)
	at org.apache.catalina.valves.ErrorReportValve.invoke(ErrorReportValve.java:92)
	at org.apache.catalina.core.StandardEngineValve.invoke(StandardEngineValve.java:78)
	at org.apache.catalina.connector.CoyoteAdapter.service(CoyoteAdapter.java:357)
	at org.apache.coyote.http11.Http11Processor.service(Http11Processor.java:400)
	at org.apache.coyote.AbstractProcessorLight.process(AbstractProcessorLight.java:65)
	at org.apache.coyote.AbstractProtocol$ConnectionHandler.process(AbstractProtocol.java:859)
	at org.apache.tomcat.util.net.NioEndpoint$SocketProcessor.doRun(NioEndpoint.java:1734)
	at org.apache.tomcat.util.net.SocketProcessorBase.run(SocketProcessorBase.java:52)
	at org.apache.tomcat.util.threads.ThreadPoolExecutor.runWorker(ThreadPoolExecutor.java:1191)
	at org.apache.tomcat.util.threads.ThreadPoolExecutor$Worker.run(ThreadPoolExecutor.java:659)
	at org.apache.tomcat.util.threads.TaskThread$WrappingRunnable.run(TaskThread.java:61)
	at java.base/java.lang.Thread.run(Thread.java:833)
Caused by: io.jsonwebtoken.impl.lang.UnavailableImplementationException: Unable to find an implementation for interface io.jsonwebtoken.io.Serializer using java.util.ServiceLoader. Ensure you include a backing implementation .jar in the classpath, for example jjwt-impl.jar, or your own .jar for custom implementations.
	at io.jsonwebtoken.impl.lang.Services.loadFirst(Services.java:105)
	at io.jsonwebtoken.impl.lang.LegacyServices.loadFirst(LegacyServices.java:24)
	... 60 common frames omitted
2023-02-06 21:15:27,670 WARN o.s.w.s.h.AbstractHandlerExceptionResolver [http-nio-9999-exec-2] Resolved [io.jsonwebtoken.lang.UnknownClassException: Unable to find an implementation for interface io.jsonwebtoken.io.Serializer using java.util.ServiceLoader. Ensure you include a backing implementation .jar in the classpath, for example jjwt-impl.jar, or your own .jar for custom implementations.]
2023-02-06 21:20:30,161 INFO o.s.b.d.a.LocalDevToolsAutoConfiguration$RestartingClassPathChangeChangedEventListener [File Watcher] Restarting due to 3 class path changes (0 additions, 0 deletions, 3 modifications)
2023-02-06 21:20:30,264 INFO o.a.j.l.DirectJDKLog [Thread-5] Pausing ProtocolHandler ["http-nio-9999"]
2023-02-06 21:20:30,265 INFO o.a.j.l.DirectJDKLog [Thread-5] Stopping service [Tomcat]
2023-02-06 21:20:30,287 INFO o.a.j.l.DirectJDKLog [Thread-5] Destroying Spring FrameworkServlet 'dispatcherServlet'
2023-02-06 21:20:30,292 INFO o.a.j.l.DirectJDKLog [Thread-5] Stopping ProtocolHandler ["http-nio-9999"]
2023-02-06 21:20:30,295 INFO o.a.j.l.DirectJDKLog [Thread-5] Destroying ProtocolHandler ["http-nio-9999"]
2023-02-06 21:20:30,322 INFO o.s.o.j.AbstractEntityManagerFactoryBean [Thread-5] Closing JPA EntityManagerFactory for persistence unit 'default'
2023-02-06 21:20:30,344 INFO c.z.h.HikariDataSource [Thread-5] HikariPool-1 - Shutdown initiated...
2023-02-06 21:20:30,387 INFO c.z.h.HikariDataSource [Thread-5] HikariPool-1 - Shutdown completed.
2023-02-06 21:20:33,866 INFO o.s.b.StartupInfoLogger [restartedMain] Starting TestBackendApplication using Java 17.0.5 with PID 345524 (/home/issac/work/ws-react-app/test-backend/target/classes started by issac in /home/issac/work/ws-react-app/test-backend)
2023-02-06 21:20:33,867 DEBUG o.s.b.StartupInfoLogger [restartedMain] Running with Spring Boot v3.0.2, Spring v6.0.4
2023-02-06 21:20:33,867 INFO o.s.b.SpringApplication [restartedMain] No active profile set, falling back to 1 default profile: "default"
2023-02-06 21:20:34,191 INFO o.s.d.r.c.RepositoryConfigurationDelegate [restartedMain] Bootstrapping Spring Data JPA repositories in DEFAULT mode.
2023-02-06 21:20:34,204 INFO o.s.d.r.c.RepositoryConfigurationDelegate [restartedMain] Finished Spring Data repository scanning in 12 ms. Found 2 JPA repository interfaces.
2023-02-06 21:20:34,313 INFO o.s.b.w.e.t.TomcatWebServer [restartedMain] Tomcat initialized with port(s): 9999 (http)
2023-02-06 21:20:34,314 INFO o.a.j.l.DirectJDKLog [restartedMain] Starting service [Tomcat]
2023-02-06 21:20:34,315 INFO o.a.j.l.DirectJDKLog [restartedMain] Starting Servlet engine: [Apache Tomcat/10.1.5]
2023-02-06 21:20:34,325 INFO o.a.j.l.DirectJDKLog [restartedMain] Initializing Spring embedded WebApplicationContext
2023-02-06 21:20:34,326 INFO o.s.b.w.s.c.ServletWebServerApplicationContext [restartedMain] Root WebApplicationContext: initialization completed in 455 ms
2023-02-06 21:20:34,419 INFO o.h.j.i.u.LogHelper [restartedMain] HHH000204: Processing PersistenceUnitInfo [name: default]
2023-02-06 21:20:34,422 WARN o.h.b.i.MetadataBuilderImpl$MetadataBuildingOptionsImpl [restartedMain] HHH90000021: Encountered deprecated setting [javax.persistence.sharedCache.mode], use [jakarta.persistence.sharedCache.mode] instead
2023-02-06 21:20:34,426 INFO c.z.h.HikariDataSource [restartedMain] HikariPool-2 - Starting...
2023-02-06 21:20:34,532 INFO c.z.h.p.HikariPool [restartedMain] HikariPool-2 - Added connection org.postgresql.jdbc.PgConnection@e45c9d1
2023-02-06 21:20:34,533 INFO c.z.h.HikariDataSource [restartedMain] HikariPool-2 - Start completed.
2023-02-06 21:20:34,534 INFO o.h.e.j.d.i.DialectFactoryImpl [restartedMain] HHH000400: Using dialect: org.hibernate.dialect.PostgreSQL91Dialect
2023-02-06 21:20:34,534 WARN o.h.e.j.d.i.DialectFactoryImpl [restartedMain] HHH90000026: PostgreSQL91Dialect has been deprecated; use org.hibernate.dialect.PostgreSQLDialect instead
2023-02-06 21:20:34,630 WARN o.h.t.s.s.SchemaManagementToolCoordinator$ActionGrouping [restartedMain] HHH90000021: Encountered deprecated setting [javax.persistence.schema-generation.scripts.action], use [jakarta.persistence.schema-generation.scripts.action] instead
2023-02-06 21:20:34,646 INFO o.h.e.t.j.p.i.JtaPlatformInitiator [restartedMain] HHH000490: Using JtaPlatform implementation: [org.hibernate.engine.transaction.jta.platform.internal.NoJtaPlatform]
2023-02-06 21:20:34,647 INFO o.s.o.j.AbstractEntityManagerFactoryBean [restartedMain] Initialized JPA EntityManagerFactory for persistence unit 'default'
2023-02-06 21:20:34,825 WARN o.s.b.a.o.j.JpaBaseConfiguration$JpaWebConfiguration [restartedMain] spring.jpa.open-in-view is enabled by default. Therefore, database queries may be performed during view rendering. Explicitly configure spring.jpa.open-in-view to disable this warning
2023-02-06 21:20:34,988 INFO o.s.b.d.a.OptionalLiveReloadServer [restartedMain] LiveReload server is running on port 35729
2023-02-06 21:20:34,994 INFO o.s.b.a.e.w.EndpointLinksResolver [restartedMain] Exposing 1 endpoint(s) beneath base path '/actuator'
2023-02-06 21:20:35,017 INFO o.s.b.w.e.t.TomcatWebServer [restartedMain] Tomcat started on port(s): 9999 (http) with context path ''
2023-02-06 21:20:35,026 INFO o.s.b.StartupInfoLogger [restartedMain] Started TestBackendApplication in 1.197 seconds (process running for 491.497)
2023-02-06 21:20:35,034 INFO o.s.b.d.a.ConditionEvaluationDeltaLoggingListener [restartedMain] Condition evaluation unchanged
2023-02-06 21:20:38,132 INFO o.s.o.j.AbstractEntityManagerFactoryBean [SpringApplicationShutdownHook] Closing JPA EntityManagerFactory for persistence unit 'default'
2023-02-06 21:20:38,135 INFO c.z.h.HikariDataSource [SpringApplicationShutdownHook] HikariPool-2 - Shutdown initiated...
2023-02-06 21:20:38,157 INFO c.z.h.HikariDataSource [SpringApplicationShutdownHook] HikariPool-2 - Shutdown completed.
2023-02-06 21:20:47,059 INFO o.h.v.i.u.Version [background-preinit] HV000001: Hibernate Validator 8.0.0.Final
2023-02-06 21:20:47,226 INFO o.s.b.StartupInfoLogger [restartedMain] Starting TestBackendApplication using Java 17.0.5 with PID 346421 (/home/issac/work/ws-react-app/test-backend/target/classes started by issac in /home/issac/work/ws-react-app/test-backend)
2023-02-06 21:20:47,230 DEBUG o.s.b.StartupInfoLogger [restartedMain] Running with Spring Boot v3.0.2, Spring v6.0.4
2023-02-06 21:20:47,234 INFO o.s.b.SpringApplication [restartedMain] No active profile set, falling back to 1 default profile: "default"
2023-02-06 21:20:47,413 INFO o.s.b.l.DeferredLog [restartedMain] Devtools property defaults active! Set 'spring.devtools.add-properties' to 'false' to disable
2023-02-06 21:20:47,414 INFO o.s.b.l.DeferredLog [restartedMain] For additional web related logging consider setting the 'logging.level.web' property to 'DEBUG'
2023-02-06 21:20:49,727 INFO o.s.d.r.c.RepositoryConfigurationDelegate [restartedMain] Bootstrapping Spring Data JPA repositories in DEFAULT mode.
2023-02-06 21:20:49,843 INFO o.s.d.r.c.RepositoryConfigurationDelegate [restartedMain] Finished Spring Data repository scanning in 90 ms. Found 2 JPA repository interfaces.
2023-02-06 21:20:51,051 INFO o.s.b.w.e.t.TomcatWebServer [restartedMain] Tomcat initialized with port(s): 9999 (http)
2023-02-06 21:20:51,071 INFO o.a.j.l.DirectJDKLog [restartedMain] Initializing ProtocolHandler ["http-nio-9999"]
2023-02-06 21:20:51,073 INFO o.a.j.l.DirectJDKLog [restartedMain] Starting service [Tomcat]
2023-02-06 21:20:51,074 INFO o.a.j.l.DirectJDKLog [restartedMain] Starting Servlet engine: [Apache Tomcat/10.1.5]
2023-02-06 21:20:51,175 INFO o.a.j.l.DirectJDKLog [restartedMain] Initializing Spring embedded WebApplicationContext
2023-02-06 21:20:51,179 INFO o.s.b.w.s.c.ServletWebServerApplicationContext [restartedMain] Root WebApplicationContext: initialization completed in 3761 ms
2023-02-06 21:20:51,680 INFO o.h.j.i.u.LogHelper [restartedMain] HHH000204: Processing PersistenceUnitInfo [name: default]
2023-02-06 21:20:51,802 INFO o.h.Version [restartedMain] HHH000412: Hibernate ORM core version 6.1.6.Final
2023-02-06 21:20:52,159 WARN o.h.b.i.MetadataBuilderImpl$MetadataBuildingOptionsImpl [restartedMain] HHH90000021: Encountered deprecated setting [javax.persistence.sharedCache.mode], use [jakarta.persistence.sharedCache.mode] instead
2023-02-06 21:20:52,462 INFO c.z.h.HikariDataSource [restartedMain] HikariPool-1 - Starting...
2023-02-06 21:20:52,858 INFO c.z.h.p.HikariPool [restartedMain] HikariPool-1 - Added connection org.postgresql.jdbc.PgConnection@57e6f8eb
2023-02-06 21:20:52,861 INFO c.z.h.HikariDataSource [restartedMain] HikariPool-1 - Start completed.
2023-02-06 21:20:52,928 INFO o.h.e.j.d.i.DialectFactoryImpl [restartedMain] HHH000400: Using dialect: org.hibernate.dialect.PostgreSQL91Dialect
2023-02-06 21:20:52,928 WARN o.h.e.j.d.i.DialectFactoryImpl [restartedMain] HHH90000026: PostgreSQL91Dialect has been deprecated; use org.hibernate.dialect.PostgreSQLDialect instead
2023-02-06 21:20:54,078 WARN o.h.t.s.s.SchemaManagementToolCoordinator$ActionGrouping [restartedMain] HHH90000021: Encountered deprecated setting [javax.persistence.schema-generation.scripts.action], use [jakarta.persistence.schema-generation.scripts.action] instead
2023-02-06 21:20:54,118 INFO o.h.e.t.j.p.i.JtaPlatformInitiator [restartedMain] HHH000490: Using JtaPlatform implementation: [org.hibernate.engine.transaction.jta.platform.internal.NoJtaPlatform]
2023-02-06 21:20:54,130 INFO o.s.o.j.AbstractEntityManagerFactoryBean [restartedMain] Initialized JPA EntityManagerFactory for persistence unit 'default'
2023-02-06 21:20:54,865 WARN o.s.b.a.o.j.JpaBaseConfiguration$JpaWebConfiguration [restartedMain] spring.jpa.open-in-view is enabled by default. Therefore, database queries may be performed during view rendering. Explicitly configure spring.jpa.open-in-view to disable this warning
2023-02-06 21:20:55,460 INFO o.s.b.d.a.OptionalLiveReloadServer [restartedMain] LiveReload server is running on port 35729
2023-02-06 21:20:55,472 INFO o.s.b.a.e.w.EndpointLinksResolver [restartedMain] Exposing 1 endpoint(s) beneath base path '/actuator'
2023-02-06 21:20:55,560 INFO o.a.j.l.DirectJDKLog [restartedMain] Starting ProtocolHandler ["http-nio-9999"]
2023-02-06 21:20:55,623 INFO o.s.b.w.e.t.TomcatWebServer [restartedMain] Tomcat started on port(s): 9999 (http) with context path ''
2023-02-06 21:20:55,653 INFO o.s.b.StartupInfoLogger [restartedMain] Started TestBackendApplication in 9.4 seconds (process running for 10.727)
2023-02-06 21:21:04,913 INFO o.a.j.l.DirectJDKLog [http-nio-9999-exec-1] Initializing Spring DispatcherServlet 'dispatcherServlet'
2023-02-06 21:21:04,913 INFO o.s.w.s.FrameworkServlet [http-nio-9999-exec-1] Initializing Servlet 'dispatcherServlet'
2023-02-06 21:21:04,915 INFO o.s.w.s.FrameworkServlet [http-nio-9999-exec-1] Completed initialization in 1 ms
2023-02-06 21:21:04,940 DEBUG c.i.r.c.TxnFilter [http-nio-9999-exec-1] Starting a TXN : /auth/login
2023-02-06 21:21:05,196 ERROR c.i.r.e.ValidationEx [http-nio-9999-exec-1] runtime exception details 
io.jsonwebtoken.lang.UnknownClassException: Unable to load class named [io.jsonwebtoken.impl.DefaultJwtBuilder] from the thread context, current, or system/application ClassLoaders.  All heuristics have been exhausted.  Class could not be found.  Have you remembered to include the jjwt-impl.jar in your runtime classpath?
	at io.jsonwebtoken.lang.Classes.forName(Classes.java:93)
	at io.jsonwebtoken.lang.Classes.newInstance(Classes.java:137)
	at io.jsonwebtoken.Jwts.builder(Jwts.java:144)
	at com.issac.react.util.JwtUtil.createJWT(JwtUtil.java:30)
	at com.issac.react.controller.AuthController.login(AuthController.java:47)
	at java.base/jdk.internal.reflect.NativeMethodAccessorImpl.invoke0(Native Method)
	at java.base/jdk.internal.reflect.NativeMethodAccessorImpl.invoke(NativeMethodAccessorImpl.java:77)
	at java.base/jdk.internal.reflect.DelegatingMethodAccessorImpl.invoke(DelegatingMethodAccessorImpl.java:43)
	at java.base/java.lang.reflect.Method.invoke(Method.java:568)
	at org.springframework.web.method.support.InvocableHandlerMethod.doInvoke(InvocableHandlerMethod.java:207)
	at org.springframework.web.method.support.InvocableHandlerMethod.invokeForRequest(InvocableHandlerMethod.java:152)
	at org.springframework.web.servlet.mvc.method.annotation.ServletInvocableHandlerMethod.invokeAndHandle(ServletInvocableHandlerMethod.java:117)
	at org.springframework.web.servlet.mvc.method.annotation.RequestMappingHandlerAdapter.invokeHandlerMethod(RequestMappingHandlerAdapter.java:884)
	at org.springframework.web.servlet.mvc.method.annotation.RequestMappingHandlerAdapter.handleInternal(RequestMappingHandlerAdapter.java:797)
	at org.springframework.web.servlet.mvc.method.AbstractHandlerMethodAdapter.handle(AbstractHandlerMethodAdapter.java:87)
	at org.springframework.web.servlet.DispatcherServlet.doDispatch(DispatcherServlet.java:1080)
	at org.springframework.web.servlet.DispatcherServlet.doService(DispatcherServlet.java:973)
	at org.springframework.web.servlet.FrameworkServlet.processRequest(FrameworkServlet.java:1011)
	at org.springframework.web.servlet.FrameworkServlet.doPost(FrameworkServlet.java:914)
	at jakarta.servlet.http.HttpServlet.service(HttpServlet.java:731)
	at org.springframework.web.servlet.FrameworkServlet.service(FrameworkServlet.java:885)
	at jakarta.servlet.http.HttpServlet.service(HttpServlet.java:814)
	at org.apache.catalina.core.ApplicationFilterChain.internalDoFilter(ApplicationFilterChain.java:223)
	at org.apache.catalina.core.ApplicationFilterChain.doFilter(ApplicationFilterChain.java:158)
	at org.apache.tomcat.websocket.server.WsFilter.doFilter(WsFilter.java:53)
	at org.apache.catalina.core.ApplicationFilterChain.internalDoFilter(ApplicationFilterChain.java:185)
	at org.apache.catalina.core.ApplicationFilterChain.doFilter(ApplicationFilterChain.java:158)
	at com.issac.react.config.TxnFilter.doFilter(TxnFilter.java:45)
	at org.apache.catalina.core.ApplicationFilterChain.internalDoFilter(ApplicationFilterChain.java:185)
	at org.apache.catalina.core.ApplicationFilterChain.doFilter(ApplicationFilterChain.java:158)
	at org.springframework.web.filter.RequestContextFilter.doFilterInternal(RequestContextFilter.java:100)
	at org.springframework.web.filter.OncePerRequestFilter.doFilter(OncePerRequestFilter.java:116)
	at org.apache.catalina.core.ApplicationFilterChain.internalDoFilter(ApplicationFilterChain.java:185)
	at org.apache.catalina.core.ApplicationFilterChain.doFilter(ApplicationFilterChain.java:158)
	at org.springframework.web.filter.FormContentFilter.doFilterInternal(FormContentFilter.java:93)
	at org.springframework.web.filter.OncePerRequestFilter.doFilter(OncePerRequestFilter.java:116)
	at org.apache.catalina.core.ApplicationFilterChain.internalDoFilter(ApplicationFilterChain.java:185)
	at org.apache.catalina.core.ApplicationFilterChain.doFilter(ApplicationFilterChain.java:158)
	at org.springframework.web.filter.ServerHttpObservationFilter.doFilterInternal(ServerHttpObservationFilter.java:109)
	at org.springframework.web.filter.OncePerRequestFilter.doFilter(OncePerRequestFilter.java:116)
	at org.apache.catalina.core.ApplicationFilterChain.internalDoFilter(ApplicationFilterChain.java:185)
	at org.apache.catalina.core.ApplicationFilterChain.doFilter(ApplicationFilterChain.java:158)
	at org.springframework.web.filter.CharacterEncodingFilter.doFilterInternal(CharacterEncodingFilter.java:201)
	at org.springframework.web.filter.OncePerRequestFilter.doFilter(OncePerRequestFilter.java:116)
	at org.apache.catalina.core.ApplicationFilterChain.internalDoFilter(ApplicationFilterChain.java:185)
	at org.apache.catalina.core.ApplicationFilterChain.doFilter(ApplicationFilterChain.java:158)
	at org.apache.catalina.core.StandardWrapperValve.invoke(StandardWrapperValve.java:177)
	at org.apache.catalina.core.StandardContextValve.invoke(StandardContextValve.java:97)
	at org.apache.catalina.authenticator.AuthenticatorBase.invoke(AuthenticatorBase.java:542)
	at org.apache.catalina.core.StandardHostValve.invoke(StandardHostValve.java:119)
	at org.apache.catalina.valves.ErrorReportValve.invoke(ErrorReportValve.java:92)
	at org.apache.catalina.core.StandardEngineValve.invoke(StandardEngineValve.java:78)
	at org.apache.catalina.connector.CoyoteAdapter.service(CoyoteAdapter.java:357)
	at org.apache.coyote.http11.Http11Processor.service(Http11Processor.java:400)
	at org.apache.coyote.AbstractProcessorLight.process(AbstractProcessorLight.java:65)
	at org.apache.coyote.AbstractProtocol$ConnectionHandler.process(AbstractProtocol.java:859)
	at org.apache.tomcat.util.net.NioEndpoint$SocketProcessor.doRun(NioEndpoint.java:1734)
	at org.apache.tomcat.util.net.SocketProcessorBase.run(SocketProcessorBase.java:52)
	at org.apache.tomcat.util.threads.ThreadPoolExecutor.runWorker(ThreadPoolExecutor.java:1191)
	at org.apache.tomcat.util.threads.ThreadPoolExecutor$Worker.run(ThreadPoolExecutor.java:659)
	at org.apache.tomcat.util.threads.TaskThread$WrappingRunnable.run(TaskThread.java:61)
	at java.base/java.lang.Thread.run(Thread.java:833)
2023-02-06 21:21:05,232 WARN o.s.w.s.h.AbstractHandlerExceptionResolver [http-nio-9999-exec-1] Resolved [io.jsonwebtoken.lang.UnknownClassException: Unable to load class named [io.jsonwebtoken.impl.DefaultJwtBuilder] from the thread context, current, or system/application ClassLoaders.  All heuristics have been exhausted.  Class could not be found.  Have you remembered to include the jjwt-impl.jar in your runtime classpath?]
2023-02-06 21:23:39,443 INFO o.s.b.d.a.LocalDevToolsAutoConfiguration$RestartingClassPathChangeChangedEventListener [File Watcher] Restarting due to 33 class path changes (0 additions, 2 deletions, 31 modifications)
2023-02-06 21:23:39,472 INFO o.a.j.l.DirectJDKLog [Thread-5] Pausing ProtocolHandler ["http-nio-9999"]
2023-02-06 21:23:39,474 INFO o.a.j.l.DirectJDKLog [Thread-5] Stopping service [Tomcat]
2023-02-06 21:23:39,479 INFO o.a.j.l.DirectJDKLog [Thread-5] Destroying Spring FrameworkServlet 'dispatcherServlet'
2023-02-06 21:23:39,490 INFO o.a.j.l.DirectJDKLog [Thread-5] Stopping ProtocolHandler ["http-nio-9999"]
2023-02-06 21:23:39,499 INFO o.a.j.l.DirectJDKLog [Thread-5] Destroying ProtocolHandler ["http-nio-9999"]
2023-02-06 21:23:39,505 INFO o.s.o.j.AbstractEntityManagerFactoryBean [Thread-5] Closing JPA EntityManagerFactory for persistence unit 'default'
2023-02-06 21:23:39,511 INFO c.z.h.HikariDataSource [Thread-5] HikariPool-1 - Shutdown initiated...
2023-02-06 21:23:39,534 INFO c.z.h.HikariDataSource [Thread-5] HikariPool-1 - Shutdown completed.
2023-02-06 21:25:21,170 INFO o.h.v.i.u.Version [background-preinit] HV000001: Hibernate Validator 8.0.0.Final
2023-02-06 21:25:21,222 INFO o.s.b.StartupInfoLogger [restartedMain] Starting TestBackendApplication using Java 17.0.5 with PID 346996 (/home/issac/work/ws-react-app/test-backend/target/classes started by issac in /home/issac/work/ws-react-app/test-backend)
2023-02-06 21:25:21,230 DEBUG o.s.b.StartupInfoLogger [restartedMain] Running with Spring Boot v3.0.2, Spring v6.0.4
2023-02-06 21:25:21,236 INFO o.s.b.SpringApplication [restartedMain] No active profile set, falling back to 1 default profile: "default"
2023-02-06 21:25:21,317 INFO o.s.b.l.DeferredLog [restartedMain] Devtools property defaults active! Set 'spring.devtools.add-properties' to 'false' to disable
2023-02-06 21:25:21,318 INFO o.s.b.l.DeferredLog [restartedMain] For additional web related logging consider setting the 'logging.level.web' property to 'DEBUG'
2023-02-06 21:25:22,873 INFO o.s.d.r.c.RepositoryConfigurationDelegate [restartedMain] Bootstrapping Spring Data JPA repositories in DEFAULT mode.
2023-02-06 21:25:22,956 INFO o.s.d.r.c.RepositoryConfigurationDelegate [restartedMain] Finished Spring Data repository scanning in 72 ms. Found 2 JPA repository interfaces.
2023-02-06 21:25:23,657 INFO o.s.b.w.e.t.TomcatWebServer [restartedMain] Tomcat initialized with port(s): 9999 (http)
2023-02-06 21:25:23,671 INFO o.a.j.l.DirectJDKLog [restartedMain] Initializing ProtocolHandler ["http-nio-9999"]
2023-02-06 21:25:23,672 INFO o.a.j.l.DirectJDKLog [restartedMain] Starting service [Tomcat]
2023-02-06 21:25:23,673 INFO o.a.j.l.DirectJDKLog [restartedMain] Starting Servlet engine: [Apache Tomcat/10.1.5]
2023-02-06 21:25:23,732 INFO o.a.j.l.DirectJDKLog [restartedMain] Initializing Spring embedded WebApplicationContext
2023-02-06 21:25:23,737 INFO o.s.b.w.s.c.ServletWebServerApplicationContext [restartedMain] Root WebApplicationContext: initialization completed in 2413 ms
2023-02-06 21:25:24,083 INFO o.h.j.i.u.LogHelper [restartedMain] HHH000204: Processing PersistenceUnitInfo [name: default]
2023-02-06 21:25:24,147 INFO o.h.Version [restartedMain] HHH000412: Hibernate ORM core version 6.1.6.Final
2023-02-06 21:25:24,313 WARN o.h.b.i.MetadataBuilderImpl$MetadataBuildingOptionsImpl [restartedMain] HHH90000021: Encountered deprecated setting [javax.persistence.sharedCache.mode], use [jakarta.persistence.sharedCache.mode] instead
2023-02-06 21:25:24,435 INFO c.z.h.HikariDataSource [restartedMain] HikariPool-1 - Starting...
2023-02-06 21:25:24,763 INFO c.z.h.p.HikariPool [restartedMain] HikariPool-1 - Added connection org.postgresql.jdbc.PgConnection@418f6f61
2023-02-06 21:25:24,765 INFO c.z.h.HikariDataSource [restartedMain] HikariPool-1 - Start completed.
2023-02-06 21:25:24,798 INFO o.h.e.j.d.i.DialectFactoryImpl [restartedMain] HHH000400: Using dialect: org.hibernate.dialect.PostgreSQL91Dialect
2023-02-06 21:25:24,798 WARN o.h.e.j.d.i.DialectFactoryImpl [restartedMain] HHH90000026: PostgreSQL91Dialect has been deprecated; use org.hibernate.dialect.PostgreSQLDialect instead
2023-02-06 21:25:25,656 WARN o.h.t.s.s.SchemaManagementToolCoordinator$ActionGrouping [restartedMain] HHH90000021: Encountered deprecated setting [javax.persistence.schema-generation.scripts.action], use [jakarta.persistence.schema-generation.scripts.action] instead
2023-02-06 21:25:25,682 INFO o.h.e.t.j.p.i.JtaPlatformInitiator [restartedMain] HHH000490: Using JtaPlatform implementation: [org.hibernate.engine.transaction.jta.platform.internal.NoJtaPlatform]
2023-02-06 21:25:25,691 INFO o.s.o.j.AbstractEntityManagerFactoryBean [restartedMain] Initialized JPA EntityManagerFactory for persistence unit 'default'
2023-02-06 21:25:26,097 WARN o.s.b.a.o.j.JpaBaseConfiguration$JpaWebConfiguration [restartedMain] spring.jpa.open-in-view is enabled by default. Therefore, database queries may be performed during view rendering. Explicitly configure spring.jpa.open-in-view to disable this warning
2023-02-06 21:25:26,672 INFO o.s.b.d.a.OptionalLiveReloadServer [restartedMain] LiveReload server is running on port 35729
2023-02-06 21:25:26,685 INFO o.s.b.a.e.w.EndpointLinksResolver [restartedMain] Exposing 1 endpoint(s) beneath base path '/actuator'
2023-02-06 21:25:26,752 INFO o.a.j.l.DirectJDKLog [restartedMain] Starting ProtocolHandler ["http-nio-9999"]
2023-02-06 21:25:26,796 INFO o.s.b.w.e.t.TomcatWebServer [restartedMain] Tomcat started on port(s): 9999 (http) with context path ''
2023-02-06 21:25:26,815 INFO o.s.b.StartupInfoLogger [restartedMain] Started TestBackendApplication in 6.204 seconds (process running for 6.984)
2023-02-06 21:28:21,081 INFO o.s.b.d.a.LocalDevToolsAutoConfiguration$RestartingClassPathChangeChangedEventListener [File Watcher] Restarting due to 33 class path changes (0 additions, 0 deletions, 33 modifications)
2023-02-06 21:28:21,101 INFO o.a.j.l.DirectJDKLog [Thread-5] Pausing ProtocolHandler ["http-nio-9999"]
2023-02-06 21:28:21,102 INFO o.a.j.l.DirectJDKLog [Thread-5] Stopping service [Tomcat]
2023-02-06 21:28:21,109 INFO o.a.j.l.DirectJDKLog [Thread-5] Stopping ProtocolHandler ["http-nio-9999"]
2023-02-06 21:28:21,112 INFO o.a.j.l.DirectJDKLog [Thread-5] Destroying ProtocolHandler ["http-nio-9999"]
2023-02-06 21:28:21,117 INFO o.s.o.j.AbstractEntityManagerFactoryBean [Thread-5] Closing JPA EntityManagerFactory for persistence unit 'default'
2023-02-06 21:28:21,122 INFO c.z.h.HikariDataSource [Thread-5] HikariPool-1 - Shutdown initiated...
2023-02-06 21:28:21,141 INFO c.z.h.HikariDataSource [Thread-5] HikariPool-1 - Shutdown completed.
2023-02-06 21:28:21,238 INFO o.s.b.StartupInfoLogger [restartedMain] Starting TestBackendApplication using Java 17.0.5 with PID 346996 (/home/issac/work/ws-react-app/test-backend/target/classes started by issac in /home/issac/work/ws-react-app/test-backend)
2023-02-06 21:28:21,238 DEBUG o.s.b.StartupInfoLogger [restartedMain] Running with Spring Boot v3.0.2, Spring v6.0.4
2023-02-06 21:28:21,239 INFO o.s.b.SpringApplication [restartedMain] No active profile set, falling back to 1 default profile: "default"
2023-02-06 21:28:21,671 INFO o.s.d.r.c.RepositoryConfigurationDelegate [restartedMain] Bootstrapping Spring Data JPA repositories in DEFAULT mode.
2023-02-06 21:28:21,687 INFO o.s.d.r.c.RepositoryConfigurationDelegate [restartedMain] Finished Spring Data repository scanning in 14 ms. Found 2 JPA repository interfaces.
2023-02-06 21:28:21,875 INFO o.s.b.w.e.t.TomcatWebServer [restartedMain] Tomcat initialized with port(s): 9999 (http)
2023-02-06 21:28:21,876 INFO o.a.j.l.DirectJDKLog [restartedMain] Initializing ProtocolHandler ["http-nio-9999"]
2023-02-06 21:28:21,876 INFO o.a.j.l.DirectJDKLog [restartedMain] Starting service [Tomcat]
2023-02-06 21:28:21,877 INFO o.a.j.l.DirectJDKLog [restartedMain] Starting Servlet engine: [Apache Tomcat/10.1.5]
2023-02-06 21:28:21,889 INFO o.a.j.l.DirectJDKLog [restartedMain] Initializing Spring embedded WebApplicationContext
2023-02-06 21:28:21,889 INFO o.s.b.w.s.c.ServletWebServerApplicationContext [restartedMain] Root WebApplicationContext: initialization completed in 643 ms
2023-02-06 21:28:22,042 INFO o.h.j.i.u.LogHelper [restartedMain] HHH000204: Processing PersistenceUnitInfo [name: default]
2023-02-06 21:28:22,051 WARN o.h.b.i.MetadataBuilderImpl$MetadataBuildingOptionsImpl [restartedMain] HHH90000021: Encountered deprecated setting [javax.persistence.sharedCache.mode], use [jakarta.persistence.sharedCache.mode] instead
2023-02-06 21:28:22,058 INFO c.z.h.HikariDataSource [restartedMain] HikariPool-2 - Starting...
2023-02-06 21:28:22,134 INFO c.z.h.p.HikariPool [restartedMain] HikariPool-2 - Added connection org.postgresql.jdbc.PgConnection@55dd415
2023-02-06 21:28:22,135 INFO c.z.h.HikariDataSource [restartedMain] HikariPool-2 - Start completed.
2023-02-06 21:28:22,137 INFO o.h.e.j.d.i.DialectFactoryImpl [restartedMain] HHH000400: Using dialect: org.hibernate.dialect.PostgreSQL91Dialect
2023-02-06 21:28:22,139 WARN o.h.e.j.d.i.DialectFactoryImpl [restartedMain] HHH90000026: PostgreSQL91Dialect has been deprecated; use org.hibernate.dialect.PostgreSQLDialect instead
2023-02-06 21:28:22,222 WARN o.h.t.s.s.SchemaManagementToolCoordinator$ActionGrouping [restartedMain] HHH90000021: Encountered deprecated setting [javax.persistence.schema-generation.scripts.action], use [jakarta.persistence.schema-generation.scripts.action] instead
2023-02-06 21:28:22,225 INFO o.h.e.t.j.p.i.JtaPlatformInitiator [restartedMain] HHH000490: Using JtaPlatform implementation: [org.hibernate.engine.transaction.jta.platform.internal.NoJtaPlatform]
2023-02-06 21:28:22,225 INFO o.s.o.j.AbstractEntityManagerFactoryBean [restartedMain] Initialized JPA EntityManagerFactory for persistence unit 'default'
2023-02-06 21:28:22,402 WARN o.s.b.a.o.j.JpaBaseConfiguration$JpaWebConfiguration [restartedMain] spring.jpa.open-in-view is enabled by default. Therefore, database queries may be performed during view rendering. Explicitly configure spring.jpa.open-in-view to disable this warning
2023-02-06 21:28:22,686 INFO o.s.b.d.a.OptionalLiveReloadServer [restartedMain] LiveReload server is running on port 35729
2023-02-06 21:28:22,691 INFO o.s.b.a.e.w.EndpointLinksResolver [restartedMain] Exposing 1 endpoint(s) beneath base path '/actuator'
2023-02-06 21:28:22,723 INFO o.a.j.l.DirectJDKLog [restartedMain] Starting ProtocolHandler ["http-nio-9999"]
2023-02-06 21:28:22,734 INFO o.s.b.w.e.t.TomcatWebServer [restartedMain] Tomcat started on port(s): 9999 (http) with context path ''
2023-02-06 21:28:22,752 INFO o.s.b.StartupInfoLogger [restartedMain] Started TestBackendApplication in 1.553 seconds (process running for 182.92)
2023-02-06 21:28:22,755 INFO o.s.b.d.a.ConditionEvaluationDeltaLoggingListener [restartedMain] Condition evaluation unchanged
2023-02-06 21:28:58,410 INFO o.s.o.j.AbstractEntityManagerFactoryBean [SpringApplicationShutdownHook] Closing JPA EntityManagerFactory for persistence unit 'default'
2023-02-06 21:28:58,411 INFO c.z.h.HikariDataSource [SpringApplicationShutdownHook] HikariPool-2 - Shutdown initiated...
2023-02-06 21:28:58,421 INFO c.z.h.HikariDataSource [SpringApplicationShutdownHook] HikariPool-2 - Shutdown completed.
2023-02-06 21:29:07,498 INFO o.h.v.i.u.Version [background-preinit] HV000001: Hibernate Validator 8.0.0.Final
2023-02-06 21:29:07,563 INFO o.s.b.StartupInfoLogger [restartedMain] Starting TestBackendApplication using Java 17.0.5 with PID 347322 (/home/issac/work/ws-react-app/test-backend/target/classes started by issac in /home/issac/work/ws-react-app/test-backend)
2023-02-06 21:29:07,564 DEBUG o.s.b.StartupInfoLogger [restartedMain] Running with Spring Boot v3.0.2, Spring v6.0.4
2023-02-06 21:29:07,566 INFO o.s.b.SpringApplication [restartedMain] No active profile set, falling back to 1 default profile: "default"
2023-02-06 21:29:07,658 INFO o.s.b.l.DeferredLog [restartedMain] Devtools property defaults active! Set 'spring.devtools.add-properties' to 'false' to disable
2023-02-06 21:29:07,658 INFO o.s.b.l.DeferredLog [restartedMain] For additional web related logging consider setting the 'logging.level.web' property to 'DEBUG'
2023-02-06 21:29:10,095 INFO o.s.d.r.c.RepositoryConfigurationDelegate [restartedMain] Bootstrapping Spring Data JPA repositories in DEFAULT mode.
2023-02-06 21:29:10,168 INFO o.s.d.r.c.RepositoryConfigurationDelegate [restartedMain] Finished Spring Data repository scanning in 62 ms. Found 2 JPA repository interfaces.
2023-02-06 21:29:10,963 INFO o.s.b.w.e.t.TomcatWebServer [restartedMain] Tomcat initialized with port(s): 9999 (http)
2023-02-06 21:29:10,975 INFO o.a.j.l.DirectJDKLog [restartedMain] Initializing ProtocolHandler ["http-nio-9999"]
2023-02-06 21:29:10,976 INFO o.a.j.l.DirectJDKLog [restartedMain] Starting service [Tomcat]
2023-02-06 21:29:10,977 INFO o.a.j.l.DirectJDKLog [restartedMain] Starting Servlet engine: [Apache Tomcat/10.1.5]
2023-02-06 21:29:11,040 INFO o.a.j.l.DirectJDKLog [restartedMain] Initializing Spring embedded WebApplicationContext
2023-02-06 21:29:11,043 INFO o.s.b.w.s.c.ServletWebServerApplicationContext [restartedMain] Root WebApplicationContext: initialization completed in 3381 ms
2023-02-06 21:29:11,346 INFO o.h.j.i.u.LogHelper [restartedMain] HHH000204: Processing PersistenceUnitInfo [name: default]
2023-02-06 21:29:11,402 INFO o.h.Version [restartedMain] HHH000412: Hibernate ORM core version 6.1.6.Final
2023-02-06 21:29:11,595 WARN o.h.b.i.MetadataBuilderImpl$MetadataBuildingOptionsImpl [restartedMain] HHH90000021: Encountered deprecated setting [javax.persistence.sharedCache.mode], use [jakarta.persistence.sharedCache.mode] instead
2023-02-06 21:29:11,742 INFO c.z.h.HikariDataSource [restartedMain] HikariPool-1 - Starting...
2023-02-06 21:29:12,120 INFO c.z.h.p.HikariPool [restartedMain] HikariPool-1 - Added connection org.postgresql.jdbc.PgConnection@a67b190
2023-02-06 21:29:12,123 INFO c.z.h.HikariDataSource [restartedMain] HikariPool-1 - Start completed.
2023-02-06 21:29:12,145 INFO o.h.e.j.d.i.DialectFactoryImpl [restartedMain] HHH000400: Using dialect: org.hibernate.dialect.PostgreSQL91Dialect
2023-02-06 21:29:12,146 WARN o.h.e.j.d.i.DialectFactoryImpl [restartedMain] HHH90000026: PostgreSQL91Dialect has been deprecated; use org.hibernate.dialect.PostgreSQLDialect instead
2023-02-06 21:29:13,436 WARN o.h.t.s.s.SchemaManagementToolCoordinator$ActionGrouping [restartedMain] HHH90000021: Encountered deprecated setting [javax.persistence.schema-generation.scripts.action], use [jakarta.persistence.schema-generation.scripts.action] instead
2023-02-06 21:29:13,456 INFO o.h.e.t.j.p.i.JtaPlatformInitiator [restartedMain] HHH000490: Using JtaPlatform implementation: [org.hibernate.engine.transaction.jta.platform.internal.NoJtaPlatform]
2023-02-06 21:29:13,470 INFO o.s.o.j.AbstractEntityManagerFactoryBean [restartedMain] Initialized JPA EntityManagerFactory for persistence unit 'default'
2023-02-06 21:29:13,893 WARN o.s.b.a.o.j.JpaBaseConfiguration$JpaWebConfiguration [restartedMain] spring.jpa.open-in-view is enabled by default. Therefore, database queries may be performed during view rendering. Explicitly configure spring.jpa.open-in-view to disable this warning
2023-02-06 21:29:14,402 INFO o.s.b.d.a.OptionalLiveReloadServer [restartedMain] LiveReload server is running on port 35729
2023-02-06 21:29:14,414 INFO o.s.b.a.e.w.EndpointLinksResolver [restartedMain] Exposing 1 endpoint(s) beneath base path '/actuator'
2023-02-06 21:29:14,495 INFO o.a.j.l.DirectJDKLog [restartedMain] Starting ProtocolHandler ["http-nio-9999"]
2023-02-06 21:29:14,509 INFO o.s.b.w.e.t.TomcatWebServer [restartedMain] Tomcat started on port(s): 9999 (http) with context path ''
2023-02-06 21:29:14,536 INFO o.s.b.StartupInfoLogger [restartedMain] Started TestBackendApplication in 7.533 seconds (process running for 8.685)
2023-02-06 21:29:25,826 INFO o.a.j.l.DirectJDKLog [http-nio-9999-exec-1] Initializing Spring DispatcherServlet 'dispatcherServlet'
2023-02-06 21:29:25,827 INFO o.s.w.s.FrameworkServlet [http-nio-9999-exec-1] Initializing Servlet 'dispatcherServlet'
2023-02-06 21:29:25,830 INFO o.s.w.s.FrameworkServlet [http-nio-9999-exec-1] Completed initialization in 3 ms
2023-02-06 21:29:25,855 DEBUG c.i.r.c.TxnFilter [http-nio-9999-exec-1] Starting a TXN : /auth/login
2023-02-06 21:29:26,384 ERROR c.i.r.e.ValidationEx [http-nio-9999-exec-1] runtime exception details 
io.jsonwebtoken.lang.UnknownClassException: Unable to load class named [io.jsonwebtoken.impl.DefaultJwtBuilder] from the thread context, current, or system/application ClassLoaders.  All heuristics have been exhausted.  Class could not be found.  Have you remembered to include the jjwt-impl.jar in your runtime classpath?
	at io.jsonwebtoken.lang.Classes.forName(Classes.java:93)
	at io.jsonwebtoken.lang.Classes.newInstance(Classes.java:137)
	at io.jsonwebtoken.Jwts.builder(Jwts.java:144)
	at com.issac.react.util.JwtUtil.createJWT(JwtUtil.java:30)
	at com.issac.react.controller.AuthController.login(AuthController.java:47)
	at java.base/jdk.internal.reflect.NativeMethodAccessorImpl.invoke0(Native Method)
	at java.base/jdk.internal.reflect.NativeMethodAccessorImpl.invoke(NativeMethodAccessorImpl.java:77)
	at java.base/jdk.internal.reflect.DelegatingMethodAccessorImpl.invoke(DelegatingMethodAccessorImpl.java:43)
	at java.base/java.lang.reflect.Method.invoke(Method.java:568)
	at org.springframework.web.method.support.InvocableHandlerMethod.doInvoke(InvocableHandlerMethod.java:207)
	at org.springframework.web.method.support.InvocableHandlerMethod.invokeForRequest(InvocableHandlerMethod.java:152)
	at org.springframework.web.servlet.mvc.method.annotation.ServletInvocableHandlerMethod.invokeAndHandle(ServletInvocableHandlerMethod.java:117)
	at org.springframework.web.servlet.mvc.method.annotation.RequestMappingHandlerAdapter.invokeHandlerMethod(RequestMappingHandlerAdapter.java:884)
	at org.springframework.web.servlet.mvc.method.annotation.RequestMappingHandlerAdapter.handleInternal(RequestMappingHandlerAdapter.java:797)
	at org.springframework.web.servlet.mvc.method.AbstractHandlerMethodAdapter.handle(AbstractHandlerMethodAdapter.java:87)
	at org.springframework.web.servlet.DispatcherServlet.doDispatch(DispatcherServlet.java:1080)
	at org.springframework.web.servlet.DispatcherServlet.doService(DispatcherServlet.java:973)
	at org.springframework.web.servlet.FrameworkServlet.processRequest(FrameworkServlet.java:1011)
	at org.springframework.web.servlet.FrameworkServlet.doPost(FrameworkServlet.java:914)
	at jakarta.servlet.http.HttpServlet.service(HttpServlet.java:731)
	at org.springframework.web.servlet.FrameworkServlet.service(FrameworkServlet.java:885)
	at jakarta.servlet.http.HttpServlet.service(HttpServlet.java:814)
	at org.apache.catalina.core.ApplicationFilterChain.internalDoFilter(ApplicationFilterChain.java:223)
	at org.apache.catalina.core.ApplicationFilterChain.doFilter(ApplicationFilterChain.java:158)
	at org.apache.tomcat.websocket.server.WsFilter.doFilter(WsFilter.java:53)
	at org.apache.catalina.core.ApplicationFilterChain.internalDoFilter(ApplicationFilterChain.java:185)
	at org.apache.catalina.core.ApplicationFilterChain.doFilter(ApplicationFilterChain.java:158)
	at com.issac.react.config.TxnFilter.doFilter(TxnFilter.java:45)
	at org.apache.catalina.core.ApplicationFilterChain.internalDoFilter(ApplicationFilterChain.java:185)
	at org.apache.catalina.core.ApplicationFilterChain.doFilter(ApplicationFilterChain.java:158)
	at org.springframework.web.filter.RequestContextFilter.doFilterInternal(RequestContextFilter.java:100)
	at org.springframework.web.filter.OncePerRequestFilter.doFilter(OncePerRequestFilter.java:116)
	at org.apache.catalina.core.ApplicationFilterChain.internalDoFilter(ApplicationFilterChain.java:185)
	at org.apache.catalina.core.ApplicationFilterChain.doFilter(ApplicationFilterChain.java:158)
	at org.springframework.web.filter.FormContentFilter.doFilterInternal(FormContentFilter.java:93)
	at org.springframework.web.filter.OncePerRequestFilter.doFilter(OncePerRequestFilter.java:116)
	at org.apache.catalina.core.ApplicationFilterChain.internalDoFilter(ApplicationFilterChain.java:185)
	at org.apache.catalina.core.ApplicationFilterChain.doFilter(ApplicationFilterChain.java:158)
	at org.springframework.web.filter.ServerHttpObservationFilter.doFilterInternal(ServerHttpObservationFilter.java:109)
	at org.springframework.web.filter.OncePerRequestFilter.doFilter(OncePerRequestFilter.java:116)
	at org.apache.catalina.core.ApplicationFilterChain.internalDoFilter(ApplicationFilterChain.java:185)
	at org.apache.catalina.core.ApplicationFilterChain.doFilter(ApplicationFilterChain.java:158)
	at org.springframework.web.filter.CharacterEncodingFilter.doFilterInternal(CharacterEncodingFilter.java:201)
	at org.springframework.web.filter.OncePerRequestFilter.doFilter(OncePerRequestFilter.java:116)
	at org.apache.catalina.core.ApplicationFilterChain.internalDoFilter(ApplicationFilterChain.java:185)
	at org.apache.catalina.core.ApplicationFilterChain.doFilter(ApplicationFilterChain.java:158)
	at org.apache.catalina.core.StandardWrapperValve.invoke(StandardWrapperValve.java:177)
	at org.apache.catalina.core.StandardContextValve.invoke(StandardContextValve.java:97)
	at org.apache.catalina.authenticator.AuthenticatorBase.invoke(AuthenticatorBase.java:542)
	at org.apache.catalina.core.StandardHostValve.invoke(StandardHostValve.java:119)
	at org.apache.catalina.valves.ErrorReportValve.invoke(ErrorReportValve.java:92)
	at org.apache.catalina.core.StandardEngineValve.invoke(StandardEngineValve.java:78)
	at org.apache.catalina.connector.CoyoteAdapter.service(CoyoteAdapter.java:357)
	at org.apache.coyote.http11.Http11Processor.service(Http11Processor.java:400)
	at org.apache.coyote.AbstractProcessorLight.process(AbstractProcessorLight.java:65)
	at org.apache.coyote.AbstractProtocol$ConnectionHandler.process(AbstractProtocol.java:859)
	at org.apache.tomcat.util.net.NioEndpoint$SocketProcessor.doRun(NioEndpoint.java:1734)
	at org.apache.tomcat.util.net.SocketProcessorBase.run(SocketProcessorBase.java:52)
	at org.apache.tomcat.util.threads.ThreadPoolExecutor.runWorker(ThreadPoolExecutor.java:1191)
	at org.apache.tomcat.util.threads.ThreadPoolExecutor$Worker.run(ThreadPoolExecutor.java:659)
	at org.apache.tomcat.util.threads.TaskThread$WrappingRunnable.run(TaskThread.java:61)
	at java.base/java.lang.Thread.run(Thread.java:833)
2023-02-06 21:29:26,419 WARN o.s.w.s.h.AbstractHandlerExceptionResolver [http-nio-9999-exec-1] Resolved [io.jsonwebtoken.lang.UnknownClassException: Unable to load class named [io.jsonwebtoken.impl.DefaultJwtBuilder] from the thread context, current, or system/application ClassLoaders.  All heuristics have been exhausted.  Class could not be found.  Have you remembered to include the jjwt-impl.jar in your runtime classpath?]
2023-02-06 21:29:43,907 INFO o.s.b.d.a.LocalDevToolsAutoConfiguration$RestartingClassPathChangeChangedEventListener [File Watcher] Restarting due to 3 class path changes (0 additions, 0 deletions, 3 modifications)
2023-02-06 21:29:43,928 INFO o.a.j.l.DirectJDKLog [Thread-5] Pausing ProtocolHandler ["http-nio-9999"]
2023-02-06 21:29:43,929 INFO o.a.j.l.DirectJDKLog [Thread-5] Stopping service [Tomcat]
2023-02-06 21:29:43,933 INFO o.a.j.l.DirectJDKLog [Thread-5] Destroying Spring FrameworkServlet 'dispatcherServlet'
2023-02-06 21:29:43,939 INFO o.a.j.l.DirectJDKLog [Thread-5] Stopping ProtocolHandler ["http-nio-9999"]
2023-02-06 21:29:43,943 INFO o.a.j.l.DirectJDKLog [Thread-5] Destroying ProtocolHandler ["http-nio-9999"]
2023-02-06 21:29:43,948 INFO o.s.o.j.AbstractEntityManagerFactoryBean [Thread-5] Closing JPA EntityManagerFactory for persistence unit 'default'
2023-02-06 21:29:43,953 INFO c.z.h.HikariDataSource [Thread-5] HikariPool-1 - Shutdown initiated...
2023-02-06 21:29:43,964 INFO c.z.h.HikariDataSource [Thread-5] HikariPool-1 - Shutdown completed.
2023-02-06 21:29:46,618 INFO o.s.b.StartupInfoLogger [restartedMain] Starting TestBackendApplication using Java 17.0.5 with PID 347322 (/home/issac/work/ws-react-app/test-backend/target/classes started by issac in /home/issac/work/ws-react-app/test-backend)
2023-02-06 21:29:46,619 DEBUG o.s.b.StartupInfoLogger [restartedMain] Running with Spring Boot v3.0.2, Spring v6.0.4
2023-02-06 21:29:46,619 INFO o.s.b.SpringApplication [restartedMain] No active profile set, falling back to 1 default profile: "default"
2023-02-06 21:29:46,887 INFO o.s.d.r.c.RepositoryConfigurationDelegate [restartedMain] Bootstrapping Spring Data JPA repositories in DEFAULT mode.
2023-02-06 21:29:46,902 INFO o.s.d.r.c.RepositoryConfigurationDelegate [restartedMain] Finished Spring Data repository scanning in 14 ms. Found 2 JPA repository interfaces.
2023-02-06 21:29:47,045 INFO o.s.b.w.e.t.TomcatWebServer [restartedMain] Tomcat initialized with port(s): 9999 (http)
2023-02-06 21:29:47,047 INFO o.a.j.l.DirectJDKLog [restartedMain] Starting service [Tomcat]
2023-02-06 21:29:47,048 INFO o.a.j.l.DirectJDKLog [restartedMain] Starting Servlet engine: [Apache Tomcat/10.1.5]
2023-02-06 21:29:47,068 INFO o.a.j.l.DirectJDKLog [restartedMain] Initializing Spring embedded WebApplicationContext
2023-02-06 21:29:47,070 INFO o.s.b.w.s.c.ServletWebServerApplicationContext [restartedMain] Root WebApplicationContext: initialization completed in 448 ms
2023-02-06 21:29:47,158 INFO o.h.j.i.u.LogHelper [restartedMain] HHH000204: Processing PersistenceUnitInfo [name: default]
2023-02-06 21:29:47,161 WARN o.h.b.i.MetadataBuilderImpl$MetadataBuildingOptionsImpl [restartedMain] HHH90000021: Encountered deprecated setting [javax.persistence.sharedCache.mode], use [jakarta.persistence.sharedCache.mode] instead
2023-02-06 21:29:47,165 INFO c.z.h.HikariDataSource [restartedMain] HikariPool-2 - Starting...
2023-02-06 21:29:47,192 INFO c.z.h.p.HikariPool [restartedMain] HikariPool-2 - Added connection org.postgresql.jdbc.PgConnection@6032c207
2023-02-06 21:29:47,193 INFO c.z.h.HikariDataSource [restartedMain] HikariPool-2 - Start completed.
2023-02-06 21:29:47,194 INFO o.h.e.j.d.i.DialectFactoryImpl [restartedMain] HHH000400: Using dialect: org.hibernate.dialect.PostgreSQL91Dialect
2023-02-06 21:29:47,194 WARN o.h.e.j.d.i.DialectFactoryImpl [restartedMain] HHH90000026: PostgreSQL91Dialect has been deprecated; use org.hibernate.dialect.PostgreSQLDialect instead
2023-02-06 21:29:47,293 WARN o.h.t.s.s.SchemaManagementToolCoordinator$ActionGrouping [restartedMain] HHH90000021: Encountered deprecated setting [javax.persistence.schema-generation.scripts.action], use [jakarta.persistence.schema-generation.scripts.action] instead
2023-02-06 21:29:47,296 INFO o.h.e.t.j.p.i.JtaPlatformInitiator [restartedMain] HHH000490: Using JtaPlatform implementation: [org.hibernate.engine.transaction.jta.platform.internal.NoJtaPlatform]
2023-02-06 21:29:47,297 INFO o.s.o.j.AbstractEntityManagerFactoryBean [restartedMain] Initialized JPA EntityManagerFactory for persistence unit 'default'
2023-02-06 21:29:47,450 WARN o.s.b.a.o.j.JpaBaseConfiguration$JpaWebConfiguration [restartedMain] spring.jpa.open-in-view is enabled by default. Therefore, database queries may be performed during view rendering. Explicitly configure spring.jpa.open-in-view to disable this warning
2023-02-06 21:29:47,640 INFO o.s.b.d.a.OptionalLiveReloadServer [restartedMain] LiveReload server is running on port 35729
2023-02-06 21:29:47,645 INFO o.s.b.a.e.w.EndpointLinksResolver [restartedMain] Exposing 1 endpoint(s) beneath base path '/actuator'
2023-02-06 21:29:47,683 INFO o.s.b.w.e.t.TomcatWebServer [restartedMain] Tomcat started on port(s): 9999 (http) with context path ''
2023-02-06 21:29:47,696 INFO o.s.b.StartupInfoLogger [restartedMain] Started TestBackendApplication in 1.127 seconds (process running for 41.844)
2023-02-06 21:29:47,700 INFO o.s.b.d.a.ConditionEvaluationDeltaLoggingListener [restartedMain] Condition evaluation unchanged
2023-02-06 21:29:47,714 INFO o.s.o.j.AbstractEntityManagerFactoryBean [SpringApplicationShutdownHook] Closing JPA EntityManagerFactory for persistence unit 'default'
2023-02-06 21:29:47,717 INFO c.z.h.HikariDataSource [SpringApplicationShutdownHook] HikariPool-2 - Shutdown initiated...
2023-02-06 21:29:47,744 INFO c.z.h.HikariDataSource [SpringApplicationShutdownHook] HikariPool-2 - Shutdown completed.
2023-02-06 21:29:57,773 INFO o.h.v.i.u.Version [background-preinit] HV000001: Hibernate Validator 8.0.0.Final
2023-02-06 21:29:57,917 INFO o.s.b.StartupInfoLogger [restartedMain] Starting TestBackendApplication using Java 17.0.5 with PID 347474 (/home/issac/work/ws-react-app/test-backend/target/classes started by issac in /home/issac/work/ws-react-app/test-backend)
2023-02-06 21:29:57,921 DEBUG o.s.b.StartupInfoLogger [restartedMain] Running with Spring Boot v3.0.2, Spring v6.0.4
2023-02-06 21:29:57,931 INFO o.s.b.SpringApplication [restartedMain] No active profile set, falling back to 1 default profile: "default"
2023-02-06 21:29:58,152 INFO o.s.b.l.DeferredLog [restartedMain] Devtools property defaults active! Set 'spring.devtools.add-properties' to 'false' to disable
2023-02-06 21:29:58,153 INFO o.s.b.l.DeferredLog [restartedMain] For additional web related logging consider setting the 'logging.level.web' property to 'DEBUG'
2023-02-06 21:29:59,631 INFO o.s.d.r.c.RepositoryConfigurationDelegate [restartedMain] Bootstrapping Spring Data JPA repositories in DEFAULT mode.
2023-02-06 21:29:59,720 INFO o.s.d.r.c.RepositoryConfigurationDelegate [restartedMain] Finished Spring Data repository scanning in 75 ms. Found 2 JPA repository interfaces.
2023-02-06 21:30:00,611 INFO o.s.b.w.e.t.TomcatWebServer [restartedMain] Tomcat initialized with port(s): 9999 (http)
2023-02-06 21:30:00,628 INFO o.a.j.l.DirectJDKLog [restartedMain] Initializing ProtocolHandler ["http-nio-9999"]
2023-02-06 21:30:00,629 INFO o.a.j.l.DirectJDKLog [restartedMain] Starting service [Tomcat]
2023-02-06 21:30:00,630 INFO o.a.j.l.DirectJDKLog [restartedMain] Starting Servlet engine: [Apache Tomcat/10.1.5]
2023-02-06 21:30:00,717 INFO o.a.j.l.DirectJDKLog [restartedMain] Initializing Spring embedded WebApplicationContext
2023-02-06 21:30:00,721 INFO o.s.b.w.s.c.ServletWebServerApplicationContext [restartedMain] Root WebApplicationContext: initialization completed in 2563 ms
2023-02-06 21:30:01,074 INFO o.h.j.i.u.LogHelper [restartedMain] HHH000204: Processing PersistenceUnitInfo [name: default]
2023-02-06 21:30:01,130 INFO o.h.Version [restartedMain] HHH000412: Hibernate ORM core version 6.1.6.Final
2023-02-06 21:30:01,333 WARN o.h.b.i.MetadataBuilderImpl$MetadataBuildingOptionsImpl [restartedMain] HHH90000021: Encountered deprecated setting [javax.persistence.sharedCache.mode], use [jakarta.persistence.sharedCache.mode] instead
2023-02-06 21:30:01,475 INFO c.z.h.HikariDataSource [restartedMain] HikariPool-1 - Starting...
2023-02-06 21:30:01,897 INFO c.z.h.p.HikariPool [restartedMain] HikariPool-1 - Added connection org.postgresql.jdbc.PgConnection@3acac371
2023-02-06 21:30:01,900 INFO c.z.h.HikariDataSource [restartedMain] HikariPool-1 - Start completed.
2023-02-06 21:30:01,926 INFO o.h.e.j.d.i.DialectFactoryImpl [restartedMain] HHH000400: Using dialect: org.hibernate.dialect.PostgreSQL91Dialect
2023-02-06 21:30:01,927 WARN o.h.e.j.d.i.DialectFactoryImpl [restartedMain] HHH90000026: PostgreSQL91Dialect has been deprecated; use org.hibernate.dialect.PostgreSQLDialect instead
2023-02-06 21:30:02,915 WARN o.h.t.s.s.SchemaManagementToolCoordinator$ActionGrouping [restartedMain] HHH90000021: Encountered deprecated setting [javax.persistence.schema-generation.scripts.action], use [jakarta.persistence.schema-generation.scripts.action] instead
2023-02-06 21:30:02,937 INFO o.h.e.t.j.p.i.JtaPlatformInitiator [restartedMain] HHH000490: Using JtaPlatform implementation: [org.hibernate.engine.transaction.jta.platform.internal.NoJtaPlatform]
2023-02-06 21:30:02,954 INFO o.s.o.j.AbstractEntityManagerFactoryBean [restartedMain] Initialized JPA EntityManagerFactory for persistence unit 'default'
2023-02-06 21:30:03,502 WARN o.s.b.a.o.j.JpaBaseConfiguration$JpaWebConfiguration [restartedMain] spring.jpa.open-in-view is enabled by default. Therefore, database queries may be performed during view rendering. Explicitly configure spring.jpa.open-in-view to disable this warning
2023-02-06 21:30:04,186 INFO o.s.b.d.a.OptionalLiveReloadServer [restartedMain] LiveReload server is running on port 35729
2023-02-06 21:30:04,209 INFO o.s.b.a.e.w.EndpointLinksResolver [restartedMain] Exposing 1 endpoint(s) beneath base path '/actuator'
2023-02-06 21:30:04,322 INFO o.a.j.l.DirectJDKLog [restartedMain] Starting ProtocolHandler ["http-nio-9999"]
2023-02-06 21:30:04,358 INFO o.s.b.w.e.t.TomcatWebServer [restartedMain] Tomcat started on port(s): 9999 (http) with context path ''
2023-02-06 21:30:04,393 INFO o.s.b.StartupInfoLogger [restartedMain] Started TestBackendApplication in 7.275 seconds (process running for 8.367)
2023-02-06 21:30:11,204 INFO o.a.j.l.DirectJDKLog [http-nio-9999-exec-1] Initializing Spring DispatcherServlet 'dispatcherServlet'
2023-02-06 21:30:11,205 INFO o.s.w.s.FrameworkServlet [http-nio-9999-exec-1] Initializing Servlet 'dispatcherServlet'
2023-02-06 21:30:11,208 INFO o.s.w.s.FrameworkServlet [http-nio-9999-exec-1] Completed initialization in 2 ms
2023-02-06 21:30:11,241 DEBUG c.i.r.c.TxnFilter [http-nio-9999-exec-1] Starting a TXN : /auth/login
2023-02-06 21:30:11,848 INFO c.i.r.c.AuthController [http-nio-9999-exec-1] token: eyJhbGciOiJIUzI1NiJ9.eyJuYW1lIjoiaXNzYWMiLCJlbWFpbCI6InNzQGdtYWlsLmNvbSIsInJvbGUiOiJBZG1pbiIsImlzcyI6Imh0dHA6Ly9sb2FsaG9zdCIsInN1YiI6Imlzc2FjIiwianRpIjoiYWM2MWNjNDQtN2U2ZC00MGFjLTllMGYtNmY3M2U4MTAwYWNlIiwiaWF0IjoxNjc1Njk5MjExLCJleHAiOjE2NzU2OTk4MTF9.E9tMtXaSeQYbjS2CL7ArlyuBZDrQUue59k2QMMnGdb4
2023-02-06 21:30:25,735 DEBUG c.i.r.c.TxnFilter [http-nio-9999-exec-2] Starting a TXN : /api/v1/job/createjob
2023-02-06 21:30:25,737 INFO c.i.r.c.AuthFilter [http-nio-9999-exec-2] AuthFilter start:/api/v1/job/createjob
2023-02-06 21:30:25,738 INFO c.i.r.c.AuthFilter [http-nio-9999-exec-2] token eyJhbGciOiJIUzI1NiJ9.eyJuYW1lIjoiaXNzYWMiLCJlbWFpbCI6InNzQGdtYWlsLmNvbSIsInJvbGUiOiJBZG1pbiIsImlzcyI6Imh0dHA6Ly9sb2FsaG9zdCIsInN1YiI6Imlzc2FjIiwianRpIjoiYWM2MWNjNDQtN2U2ZC00MGFjLTllMGYtNmY3M2U4MTAwYWNlIiwiaWF0IjoxNjc1Njk5MjExLCJleHAiOjE2NzU2OTk4MTF9.E9tMtXaSeQYbjS2CL7ArlyuBZDrQUue59k2QMMnGdb4
2023-02-06 21:30:25,874 INFO c.i.r.c.JobController [http-nio-9999-exec-2] createjob start:
2023-02-06 21:30:26,176 INFO c.i.r.c.AuthFilter [http-nio-9999-exec-2] AuthFilter processed:/api/v1/job/createjob
2023-02-06 21:48:52,761 DEBUG c.i.r.c.TxnFilter [http-nio-9999-exec-3] Starting a TXN : /api/v1/job/createjob
2023-02-06 21:48:52,761 INFO c.i.r.c.AuthFilter [http-nio-9999-exec-3] AuthFilter start:/api/v1/job/createjob
2023-02-06 21:48:52,762 INFO c.i.r.c.AuthFilter [http-nio-9999-exec-3] token eyJhbGciOiJIUzI1NiJ9.eyJuYW1lIjoiaXNzYWMiLCJlbWFpbCI6InNzQGdtYWlsLmNvbSIsInJvbGUiOiJBZG1pbiIsImlzcyI6Imh0dHA6Ly9sb2FsaG9zdCIsInN1YiI6Imlzc2FjIiwianRpIjoiYWM2MWNjNDQtN2U2ZC00MGFjLTllMGYtNmY3M2U4MTAwYWNlIiwiaWF0IjoxNjc1Njk5MjExLCJleHAiOjE2NzU2OTk4MTF9.E9tMtXaSeQYbjS2CL7ArlyuBZDrQUue59k2QMMnGdb4
2023-02-06 21:48:52,767 INFO c.i.r.c.AuthFilter [http-nio-9999-exec-3] ExpiredJwtException /api/v1/job/createjob
2023-02-06 21:49:34,757 DEBUG c.i.r.c.TxnFilter [http-nio-9999-exec-4] Starting a TXN : /api/v1/job/createjob
2023-02-06 21:49:34,758 INFO c.i.r.c.AuthFilter [http-nio-9999-exec-4] AuthFilter start:/api/v1/job/createjob
2023-02-06 21:49:34,760 INFO c.i.r.c.AuthFilter [http-nio-9999-exec-4] token eyJhbGciOiJIUzI1NiJ9.eyJuYW1lIjoiaXNzYWMiLCJlbWFpbCI6InNzQGdtYWlsLmNvbSIsInJvbGUiOiJBZG1pbiIsImlzcyI6Imh0dHA6Ly9sb2FsaG9zdCIsInN1YiI6Imlzc2FjIiwianRpIjoiYWM2MWNjNDQtN2U2ZC00MGFjLTllMGYtNmY3M2U4MTAwYWNlIiwiaWF0IjoxNjc1Njk5MjExLCJleHAiOjE2NzU2OTk4MTF9.E9tMtXaSeQYbjS2CL7ArlyuBZDrQUue59k2QMMnGdb4
2023-02-06 21:49:34,769 INFO c.i.r.c.AuthFilter [http-nio-9999-exec-4] ExpiredJwtException /api/v1/job/createjob
